[ 2015-11-21T22:10:22+08:00 ] ::1 /thinkapp/AreaSelect
INFO: [ app_init ] --START--
INFO: Run Behavior\BuildLiteBehavior [ RunTime:0.000011s ]
INFO: [ app_init ] --END-- [ RunTime:0.000490s ]
INFO: [ app_begin ] --START--
INFO: Run Behavior\ReadHtmlCacheBehavior [ RunTime:0.001204s ]
INFO: [ app_begin ] --END-- [ RunTime:0.001287s ]
ERR: 无法加载控制器:Index

[ 2015-11-21T22:10:42+08:00 ] ::1 /thinkapp/AreaSelect/index
INFO: [ app_init ] --START--
INFO: Run Behavior\BuildLiteBehavior [ RunTime:0.000013s ]
INFO: [ app_init ] --END-- [ RunTime:0.000589s ]
INFO: [ app_begin ] --START--
INFO: Run Behavior\ReadHtmlCacheBehavior [ RunTime:0.000674s ]
INFO: [ app_begin ] --END-- [ RunTime:0.000710s ]
ERR: 无法加载控制器:Index

[ 2015-11-21T22:11:41+08:00 ] ::1 /thinkapp/AreaSelect/index
INFO: [ app_init ] --START--
INFO: Run Behavior\BuildLiteBehavior [ RunTime:0.000012s ]
INFO: [ app_init ] --END-- [ RunTime:0.000547s ]
INFO: [ app_begin ] --START--
INFO: Run Behavior\ReadHtmlCacheBehavior [ RunTime:0.000624s ]
INFO: [ app_begin ] --END-- [ RunTime:0.000665s ]
INFO: [ view_parse ] --START--
INFO: [ template_filter ] --START--
INFO: Run Behavior\ContentReplaceBehavior [ RunTime:0.000362s ]
INFO: [ template_filter ] --END-- [ RunTime:0.000447s ]
INFO: Run Behavior\ParseTemplateBehavior [ RunTime:0.016275s ]
INFO: [ view_parse ] --END-- [ RunTime:0.016409s ]
INFO: [ view_filter ] --START--
INFO: Run Behavior\WriteHtmlCacheBehavior [ RunTime:0.000696s ]
INFO: [ view_filter ] --END-- [ RunTime:0.000725s ]
INFO: [ app_end ] --START--
INFO: Run Behavior\ShowPageTraceBehavior [ RunTime:0.000819s ]
INFO: [ app_end ] --END-- [ RunTime:0.000883s ]

[ 2015-11-21T22:11:43+08:00 ] ::1 /thinkapp/AreaSelect/index
INFO: [ app_init ] --START--
INFO: Run Behavior\BuildLiteBehavior [ RunTime:0.000012s ]
INFO: [ app_init ] --END-- [ RunTime:0.000563s ]
INFO: [ app_begin ] --START--
INFO: Run Behavior\ReadHtmlCacheBehavior [ RunTime:0.000655s ]
INFO: [ app_begin ] --END-- [ RunTime:0.000712s ]
INFO: [ view_parse ] --START--
INFO: Run Behavior\ParseTemplateBehavior [ RunTime:0.000702s ]
INFO: [ view_parse ] --END-- [ RunTime:0.000756s ]
INFO: [ view_filter ] --START--
INFO: Run Behavior\WriteHtmlCacheBehavior [ RunTime:0.000383s ]
INFO: [ view_filter ] --END-- [ RunTime:0.000411s ]
INFO: [ app_end ] --START--
INFO: Run Behavior\ShowPageTraceBehavior [ RunTime:0.000678s ]
INFO: [ app_end ] --END-- [ RunTime:0.000710s ]

[ 2015-11-21T22:32:48+08:00 ] ::1 /thinkapp/AreaSelect/index
INFO: [ app_init ] --START--
INFO: Run Behavior\BuildLiteBehavior [ RunTime:0.000020s ]
INFO: [ app_init ] --END-- [ RunTime:0.000664s ]
INFO: [ app_begin ] --START--
INFO: Run Behavior\ReadHtmlCacheBehavior [ RunTime:0.000640s ]
INFO: [ app_begin ] --END-- [ RunTime:0.000682s ]
INFO: [ view_parse ] --START--
INFO: Run Behavior\ParseTemplateBehavior [ RunTime:0.000472s ]
INFO: [ view_parse ] --END-- [ RunTime:0.000505s ]
INFO: [ view_filter ] --START--
INFO: Run Behavior\WriteHtmlCacheBehavior [ RunTime:0.000320s ]
INFO: [ view_filter ] --END-- [ RunTime:0.000345s ]
INFO: [ app_end ] --START--
INFO: Run Behavior\ShowPageTraceBehavior [ RunTime:0.000548s ]
INFO: [ app_end ] --END-- [ RunTime:0.000576s ]

[ 2015-11-21T22:32:54+08:00 ] ::1 /thinkapp/AreaSelect/index
INFO: [ app_init ] --START--
INFO: Run Behavior\BuildLiteBehavior [ RunTime:0.000011s ]
INFO: [ app_init ] --END-- [ RunTime:0.000384s ]
INFO: [ app_begin ] --START--
INFO: Run Behavior\ReadHtmlCacheBehavior [ RunTime:0.000485s ]
INFO: [ app_begin ] --END-- [ RunTime:0.000522s ]
INFO: [ view_parse ] --START--
INFO: Run Behavior\ParseTemplateBehavior [ RunTime:0.000402s ]
INFO: [ view_parse ] --END-- [ RunTime:0.000442s ]
INFO: [ view_filter ] --START--
INFO: Run Behavior\WriteHtmlCacheBehavior [ RunTime:0.000287s ]
INFO: [ view_filter ] --END-- [ RunTime:0.000317s ]
INFO: [ app_end ] --START--
INFO: Run Behavior\ShowPageTraceBehavior [ RunTime:0.000503s ]
INFO: [ app_end ] --END-- [ RunTime:0.000534s ]

[ 2015-11-21T22:42:28+08:00 ] ::1 /thinkapp/AreaSelect/index
INFO: [ app_init ] --START--
INFO: Run Behavior\BuildLiteBehavior [ RunTime:0.000011s ]
INFO: [ app_init ] --END-- [ RunTime:0.000403s ]
INFO: [ app_begin ] --START--
INFO: Run Behavior\ReadHtmlCacheBehavior [ RunTime:0.000606s ]
INFO: [ app_begin ] --END-- [ RunTime:0.000639s ]
ERR: invalid data source name

[ 2015-11-21T22:43:46+08:00 ] ::1 /thinkapp/AreaSelect/index
INFO: [ app_init ] --START--
INFO: Run Behavior\BuildLiteBehavior [ RunTime:0.000013s ]
INFO: [ app_init ] --END-- [ RunTime:0.000388s ]
INFO: [ app_begin ] --START--
INFO: Run Behavior\ReadHtmlCacheBehavior [ RunTime:0.000471s ]
INFO: [ app_begin ] --END-- [ RunTime:0.000515s ]
ERR: invalid data source name

[ 2015-11-21T22:46:49+08:00 ] ::1 /thinkapp/AreaSelect/index
INFO: [ app_init ] --START--
INFO: Run Behavior\BuildLiteBehavior [ RunTime:0.000015s ]
INFO: [ app_init ] --END-- [ RunTime:0.000578s ]
INFO: [ app_begin ] --START--
INFO: Run Behavior\ReadHtmlCacheBehavior [ RunTime:0.000620s ]
INFO: [ app_begin ] --END-- [ RunTime:0.000655s ]
ERR: 无法加载数据库驱动: Think\Db\Driver\Pdo

[ 2015-11-21T22:52:08+08:00 ] ::1 /thinkapp/AreaSelect/index
INFO: [ app_init ] --START--
INFO: Run Behavior\BuildLiteBehavior [ RunTime:0.000013s ]
INFO: [ app_init ] --END-- [ RunTime:0.000436s ]
INFO: [ app_begin ] --START--
INFO: Run Behavior\ReadHtmlCacheBehavior [ RunTime:0.000788s ]
INFO: [ app_begin ] --END-- [ RunTime:0.000845s ]
ERR: 无法加载数据库驱动: Think\Db\Driver\Pdo

[ 2015-11-21T22:52:10+08:00 ] ::1 /thinkapp/AreaSelect/index
INFO: [ app_init ] --START--
INFO: Run Behavior\BuildLiteBehavior [ RunTime:0.000010s ]
INFO: [ app_init ] --END-- [ RunTime:0.000357s ]
INFO: [ app_begin ] --START--
INFO: Run Behavior\ReadHtmlCacheBehavior [ RunTime:0.000417s ]
INFO: [ app_begin ] --END-- [ RunTime:0.000450s ]
ERR: 无法加载数据库驱动: Think\Db\Driver\Pdo

[ 2015-11-21T22:52:11+08:00 ] ::1 /thinkapp/AreaSelect/index
INFO: [ app_init ] --START--
INFO: Run Behavior\BuildLiteBehavior [ RunTime:0.000013s ]
INFO: [ app_init ] --END-- [ RunTime:0.000386s ]
INFO: [ app_begin ] --START--
INFO: Run Behavior\ReadHtmlCacheBehavior [ RunTime:0.000583s ]
INFO: [ app_begin ] --END-- [ RunTime:0.000631s ]
ERR: 无法加载数据库驱动: Think\Db\Driver\Pdo

[ 2015-11-21T22:52:20+08:00 ] ::1 /thinkapp/AreaSelect/index
INFO: [ app_init ] --START--
INFO: Run Behavior\BuildLiteBehavior [ RunTime:0.000012s ]
INFO: [ app_init ] --END-- [ RunTime:0.000488s ]
INFO: [ app_begin ] --START--
INFO: Run Behavior\ReadHtmlCacheBehavior [ RunTime:0.000463s ]
INFO: [ app_begin ] --END-- [ RunTime:0.000532s ]
ERR: invalid data source name

[ 2015-11-21T22:52:59+08:00 ] ::1 /thinkapp/AreaSelect/index
INFO: [ app_init ] --START--
INFO: Run Behavior\BuildLiteBehavior [ RunTime:0.000011s ]
INFO: [ app_init ] --END-- [ RunTime:0.000333s ]
ERR: invalid data source name

[ 2015-11-21T22:53:00+08:00 ] ::1 /thinkapp/AreaSelect/index
INFO: [ app_init ] --START--
INFO: Run Behavior\BuildLiteBehavior [ RunTime:0.000013s ]
INFO: [ app_init ] --END-- [ RunTime:0.000407s ]
ERR: invalid data source name

[ 2015-11-21T22:53:00+08:00 ] ::1 /thinkapp/AreaSelect/index
INFO: [ app_init ] --START--
INFO: Run Behavior\BuildLiteBehavior [ RunTime:0.000012s ]
INFO: [ app_init ] --END-- [ RunTime:0.000369s ]
ERR: invalid data source name

[ 2015-11-21T22:53:57+08:00 ] ::1 /thinkapp/AreaSelect/index
INFO: [ app_init ] --START--
INFO: Run Behavior\BuildLiteBehavior [ RunTime:0.000012s ]
INFO: [ app_init ] --END-- [ RunTime:0.000344s ]
ERR: invalid data source name

[ 2015-11-21T22:53:58+08:00 ] ::1 /thinkapp/AreaSelect/index
INFO: [ app_init ] --START--
INFO: Run Behavior\BuildLiteBehavior [ RunTime:0.000014s ]
INFO: [ app_init ] --END-- [ RunTime:0.000376s ]
ERR: invalid data source name

[ 2015-11-21T22:53:58+08:00 ] ::1 /thinkapp/AreaSelect/index
INFO: [ app_init ] --START--
INFO: Run Behavior\BuildLiteBehavior [ RunTime:0.000010s ]
INFO: [ app_init ] --END-- [ RunTime:0.000320s ]
ERR: invalid data source name

[ 2015-11-21T22:54:02+08:00 ] ::1 /thinkapp/AreaSelect/index
INFO: [ app_init ] --START--
INFO: Run Behavior\BuildLiteBehavior [ RunTime:0.000015s ]
INFO: [ app_init ] --END-- [ RunTime:0.000436s ]
ERR: invalid data source name

[ 2015-11-21T22:54:02+08:00 ] ::1 /thinkapp/AreaSelect/index
INFO: [ app_init ] --START--
INFO: Run Behavior\BuildLiteBehavior [ RunTime:0.000012s ]
INFO: [ app_init ] --END-- [ RunTime:0.000474s ]
ERR: invalid data source name

[ 2015-11-21T22:54:43+08:00 ] ::1 /thinkapp/AreaSelect/index
INFO: [ app_init ] --START--
INFO: Run Behavior\BuildLiteBehavior [ RunTime:0.000011s ]
INFO: [ app_init ] --END-- [ RunTime:0.000365s ]
ERR: 无法加载数据库驱动: Think\Db\Driver\Pdo

[ 2015-11-21T22:54:45+08:00 ] ::1 /thinkapp/AreaSelect/index
INFO: [ app_init ] --START--
INFO: Run Behavior\BuildLiteBehavior [ RunTime:0.000013s ]
INFO: [ app_init ] --END-- [ RunTime:0.000369s ]
ERR: 无法加载数据库驱动: Think\Db\Driver\Pdo

[ 2015-11-21T22:54:46+08:00 ] ::1 /thinkapp/AreaSelect/index
INFO: [ app_init ] --START--
INFO: Run Behavior\BuildLiteBehavior [ RunTime:0.000011s ]
INFO: [ app_init ] --END-- [ RunTime:0.000331s ]
ERR: 无法加载数据库驱动: Think\Db\Driver\Pdo

[ 2015-11-21T23:06:31+08:00 ] ::1 /thinkapp/AreaSelect/index
INFO: [ app_init ] --START--
INFO: Run Behavior\BuildLiteBehavior [ RunTime:0.000013s ]
INFO: [ app_init ] --END-- [ RunTime:0.000492s ]
ERR: SQLSTATE[HY000]: General error: 1 no such table: t_province

