[ 2015-11-24T01:05:48+08:00 ] ::1 /thinkapp/AreaSelect/index
INFO: [ app_init ] --START--
INFO: Run Behavior\BuildLiteBehavior [ RunTime:0.000010s ]
INFO: [ app_init ] --END-- [ RunTime:0.000511s ]

[ 2015-11-24T01:05:54+08:00 ] ::1 /thinkapp/AreaSelect/index
INFO: [ app_init ] --START--
INFO: Run Behavior\BuildLiteBehavior [ RunTime:0.000009s ]
INFO: [ app_init ] --END-- [ RunTime:0.000308s ]

[ 2015-11-24T01:06:30+08:00 ] ::1 /thinkapp/AreaSelect/index
INFO: [ app_init ] --START--
INFO: Run Behavior\BuildLiteBehavior [ RunTime:0.000010s ]
INFO: [ app_init ] --END-- [ RunTime:0.000300s ]

[ 2015-11-24T01:34:50+08:00 ] ::1 /thinkapp/AreaSelect/index
INFO: [ app_init ] --START--
INFO: Run Behavior\BuildLiteBehavior [ RunTime:0.000012s ]
INFO: [ app_init ] --END-- [ RunTime:0.000420s ]

[ 2015-11-24T01:35:06+08:00 ] ::1 /thinkapp/AreaSelect/getCity/1
INFO: [ app_init ] --START--
INFO: Run Behavior\BuildLiteBehavior [ RunTime:0.000010s ]
INFO: [ app_init ] --END-- [ RunTime:0.000334s ]
ERR: 无法加载控制器:GetCity

[ 2015-11-24T01:35:24+08:00 ] ::1 /thinkapp/AreaSelect/index/getCity/
INFO: [ app_init ] --START--
INFO: Run Behavior\BuildLiteBehavior [ RunTime:0.000012s ]
INFO: [ app_init ] --END-- [ RunTime:0.000400s ]
ERR: 参数错误或者未定义:id

[ 2015-11-24T01:35:31+08:00 ] ::1 /thinkapp/AreaSelect/index/getCity/1
INFO: [ app_init ] --START--
INFO: Run Behavior\BuildLiteBehavior [ RunTime:0.000011s ]
INFO: [ app_init ] --END-- [ RunTime:0.000355s ]
ERR: 参数错误或者未定义:id

[ 2015-11-24T01:35:37+08:00 ] ::1 /thinkapp/AreaSelect/index/getCity/1
INFO: [ app_init ] --START--
INFO: Run Behavior\BuildLiteBehavior [ RunTime:0.000011s ]
INFO: [ app_init ] --END-- [ RunTime:0.000336s ]
ERR: 参数错误或者未定义:id

[ 2015-11-24T01:35:43+08:00 ] ::1 /thinkapp/AreaSelect/index/getCity/id/1
INFO: [ app_init ] --START--
INFO: Run Behavior\BuildLiteBehavior [ RunTime:0.000011s ]
INFO: [ app_init ] --END-- [ RunTime:0.000351s ]

[ 2015-11-24T01:36:55+08:00 ] ::1 /thinkapp/AreaSelect/index/getCity/id/1
INFO: [ app_init ] --START--
INFO: Run Behavior\BuildLiteBehavior [ RunTime:0.000013s ]
INFO: [ app_init ] --END-- [ RunTime:0.000491s ]

[ 2015-11-24T01:36:56+08:00 ] ::1 /thinkapp/AreaSelect/index/getCity/id/1
INFO: [ app_init ] --START--
INFO: Run Behavior\BuildLiteBehavior [ RunTime:0.000010s ]
INFO: [ app_init ] --END-- [ RunTime:0.000352s ]

[ 2015-11-24T01:36:56+08:00 ] ::1 /thinkapp/AreaSelect/index/getCity/id/1
INFO: [ app_init ] --START--
INFO: Run Behavior\BuildLiteBehavior [ RunTime:0.000018s ]
INFO: [ app_init ] --END-- [ RunTime:0.000423s ]

[ 2015-11-24T01:36:58+08:00 ] ::1 /thinkapp/AreaSelect/index/getCity/id/1
INFO: [ app_init ] --START--
INFO: Run Behavior\BuildLiteBehavior [ RunTime:0.000015s ]
INFO: [ app_init ] --END-- [ RunTime:0.000464s ]

[ 2015-11-24T01:37:25+08:00 ] ::1 /thinkapp/AreaSelect/index/getCity?id=1
INFO: [ app_init ] --START--
INFO: Run Behavior\BuildLiteBehavior [ RunTime:0.000015s ]
INFO: [ app_init ] --END-- [ RunTime:0.000436s ]

[ 2015-11-24T01:37:31+08:00 ] ::1 /thinkapp/AreaSelect/index/getCity?id=11
INFO: [ app_init ] --START--
INFO: Run Behavior\BuildLiteBehavior [ RunTime:0.000011s ]
INFO: [ app_init ] --END-- [ RunTime:0.000519s ]

[ 2015-11-24T01:38:12+08:00 ] ::1 /thinkapp/AreaSelect/index/getCity?id=1
INFO: [ app_init ] --START--
INFO: Run Behavior\BuildLiteBehavior [ RunTime:0.000013s ]
INFO: [ app_init ] --END-- [ RunTime:0.000431s ]

[ 2015-11-24T01:38:13+08:00 ] ::1 /thinkapp/AreaSelect/index/getCity/id/1
INFO: [ app_init ] --START--
INFO: Run Behavior\BuildLiteBehavior [ RunTime:0.000012s ]
INFO: [ app_init ] --END-- [ RunTime:0.000423s ]

[ 2015-11-24T01:38:14+08:00 ] ::1 /thinkapp/AreaSelect/index/getCity/1
INFO: [ app_init ] --START--
INFO: Run Behavior\BuildLiteBehavior [ RunTime:0.000013s ]
INFO: [ app_init ] --END-- [ RunTime:0.000355s ]
ERR: 参数错误或者未定义:id

[ 2015-11-24T01:38:15+08:00 ] ::1 /thinkapp/AreaSelect/index/getCity/id/1
INFO: [ app_init ] --START--
INFO: Run Behavior\BuildLiteBehavior [ RunTime:0.000012s ]
INFO: [ app_init ] --END-- [ RunTime:0.000419s ]

[ 2015-11-24T01:38:17+08:00 ] ::1 /thinkapp/AreaSelect/index/getCity/id/11
INFO: [ app_init ] --START--
INFO: Run Behavior\BuildLiteBehavior [ RunTime:0.000012s ]
INFO: [ app_init ] --END-- [ RunTime:0.000352s ]

[ 2015-11-24T01:45:57+08:00 ] ::1 /thinkapp/AreaSelect/index/index
INFO: [ app_init ] --START--
INFO: Run Behavior\BuildLiteBehavior [ RunTime:0.000013s ]
INFO: [ app_init ] --END-- [ RunTime:0.000499s ]

[ 2015-11-24T01:45:57+08:00 ] ::1 /thinkapp/AreaSelect/index/index
INFO: [ app_init ] --START--
INFO: Run Behavior\BuildLiteBehavior [ RunTime:0.000010s ]
INFO: [ app_init ] --END-- [ RunTime:0.000344s ]

[ 2015-11-24T01:46:14+08:00 ] ::1 /thinkapp/AreaSelect/index/index
INFO: [ app_init ] --START--
INFO: Run Behavior\BuildLiteBehavior [ RunTime:0.000012s ]
INFO: [ app_init ] --END-- [ RunTime:0.000344s ]

[ 2015-11-24T01:46:15+08:00 ] ::1 /thinkapp/AreaSelect/index/index
INFO: [ app_init ] --START--
INFO: Run Behavior\BuildLiteBehavior [ RunTime:0.000011s ]
INFO: [ app_init ] --END-- [ RunTime:0.000520s ]

[ 2015-11-24T01:46:18+08:00 ] ::1 /thinkapp/AreaSelect/index/index
INFO: [ app_init ] --START--
INFO: Run Behavior\BuildLiteBehavior [ RunTime:0.000013s ]
INFO: [ app_init ] --END-- [ RunTime:0.000358s ]

[ 2015-11-24T01:46:53+08:00 ] ::1 /thinkapp/AreaSelect/index/index
INFO: [ app_init ] --START--
INFO: Run Behavior\BuildLiteBehavior [ RunTime:0.000014s ]
INFO: [ app_init ] --END-- [ RunTime:0.000363s ]

[ 2015-11-24T01:46:59+08:00 ] ::1 /thinkapp/AreaSelect/index/index
INFO: [ app_init ] --START--
INFO: Run Behavior\BuildLiteBehavior [ RunTime:0.000013s ]
INFO: [ app_init ] --END-- [ RunTime:0.000332s ]

[ 2015-11-24T01:46:59+08:00 ] ::1 /thinkapp/AreaSelect/index/index
INFO: [ app_init ] --START--
INFO: Run Behavior\BuildLiteBehavior [ RunTime:0.000024s ]
INFO: [ app_init ] --END-- [ RunTime:0.000929s ]

[ 2015-11-24T01:46:59+08:00 ] ::1 /thinkapp/AreaSelect/index/index
INFO: [ app_init ] --START--
INFO: Run Behavior\BuildLiteBehavior [ RunTime:0.000010s ]
INFO: [ app_init ] --END-- [ RunTime:0.000346s ]

