[ 2015-11-22T10:37:40+08:00 ] ::1 /thinkapp/AreaSelect/index
INFO: [ app_init ] --START--
INFO: Run Behavior\BuildLiteBehavior [ RunTime:0.000012s ]
INFO: [ app_init ] --END-- [ RunTime:0.002041s ]
ERR: SQLSTATE[HY000]: General error: 1 no such table: t_province

[ 2015-11-22T10:53:59+08:00 ] ::1 /thinkapp/AreaSelect/index
INFO: [ app_init ] --START--
INFO: Run Behavior\BuildLiteBehavior [ RunTime:0.000012s ]
INFO: [ app_init ] --END-- [ RunTime:0.000418s ]
ERR: SQLSTATE[HY000]: General error: 1 no such table: t_ts

[ 2015-11-22T10:57:38+08:00 ] ::1 /thinkapp/AreaSelect/index
INFO: [ app_init ] --START--
INFO: Run Behavior\BuildLiteBehavior [ RunTime:0.000014s ]
INFO: [ app_init ] --END-- [ RunTime:0.000555s ]
ERR: SQLSTATE[HY000]: General error: 1 no such table: t_city

[ 2015-11-22T10:57:39+08:00 ] ::1 /thinkapp/AreaSelect/index
INFO: [ app_init ] --START--
INFO: Run Behavior\BuildLiteBehavior [ RunTime:0.000012s ]
INFO: [ app_init ] --END-- [ RunTime:0.000383s ]
ERR: SQLSTATE[HY000]: General error: 1 no such table: t_city

[ 2015-11-22T11:00:19+08:00 ] ::1 /thinkapp/AreaSelect/index
INFO: [ app_init ] --START--
INFO: Run Behavior\BuildLiteBehavior [ RunTime:0.000010s ]
INFO: [ app_init ] --END-- [ RunTime:0.000438s ]
ERR: SQLSTATE[HY000]: General error: 1 no such table: t_user

[ 2015-11-22T11:00:20+08:00 ] ::1 /thinkapp/AreaSelect/index
INFO: [ app_init ] --START--
INFO: Run Behavior\BuildLiteBehavior [ RunTime:0.000010s ]
INFO: [ app_init ] --END-- [ RunTime:0.000345s ]
ERR: SQLSTATE[HY000]: General error: 1 no such table: t_user

[ 2015-11-22T11:00:21+08:00 ] ::1 /thinkapp/AreaSelect/index
INFO: [ app_init ] --START--
INFO: Run Behavior\BuildLiteBehavior [ RunTime:0.000009s ]
INFO: [ app_init ] --END-- [ RunTime:0.000345s ]
ERR: SQLSTATE[HY000]: General error: 1 no such table: t_user

[ 2015-11-22T11:07:09+08:00 ] ::1 /thinkapp/AreaSelect/index
INFO: [ app_init ] --START--
INFO: Run Behavior\BuildLiteBehavior [ RunTime:0.000012s ]
INFO: [ app_init ] --END-- [ RunTime:0.000372s ]
ERR: SQLSTATE[HY000]: General error: 1 no such table: t_user

[ 2015-11-22T11:07:10+08:00 ] ::1 /thinkapp/AreaSelect/index
INFO: [ app_init ] --START--
INFO: Run Behavior\BuildLiteBehavior [ RunTime:0.000013s ]
INFO: [ app_init ] --END-- [ RunTime:0.000411s ]
ERR: SQLSTATE[HY000]: General error: 1 no such table: t_user

[ 2015-11-22T11:07:11+08:00 ] ::1 /thinkapp/AreaSelect/index
INFO: [ app_init ] --START--
INFO: Run Behavior\BuildLiteBehavior [ RunTime:0.000011s ]
INFO: [ app_init ] --END-- [ RunTime:0.000324s ]
ERR: SQLSTATE[HY000]: General error: 1 no such table: t_user

[ 2015-11-22T11:07:11+08:00 ] ::1 /thinkapp/AreaSelect/index
INFO: [ app_init ] --START--
INFO: Run Behavior\BuildLiteBehavior [ RunTime:0.000011s ]
INFO: [ app_init ] --END-- [ RunTime:0.000375s ]
ERR: SQLSTATE[HY000]: General error: 1 no such table: t_user

[ 2015-11-22T11:07:12+08:00 ] ::1 /thinkapp/AreaSelect/index
INFO: [ app_init ] --START--
INFO: Run Behavior\BuildLiteBehavior [ RunTime:0.000012s ]
INFO: [ app_init ] --END-- [ RunTime:0.000327s ]
ERR: SQLSTATE[HY000]: General error: 1 no such table: t_user

[ 2015-11-22T11:07:13+08:00 ] ::1 /thinkapp/AreaSelect/index
INFO: [ app_init ] --START--
INFO: Run Behavior\BuildLiteBehavior [ RunTime:0.000011s ]
INFO: [ app_init ] --END-- [ RunTime:0.000331s ]
ERR: SQLSTATE[HY000]: General error: 1 no such table: t_user

[ 2015-11-22T11:07:14+08:00 ] ::1 /thinkapp/AreaSelect/index
INFO: [ app_init ] --START--
INFO: Run Behavior\BuildLiteBehavior [ RunTime:0.000012s ]
INFO: [ app_init ] --END-- [ RunTime:0.000359s ]
ERR: SQLSTATE[HY000]: General error: 1 no such table: t_user

[ 2015-11-22T11:07:19+08:00 ] ::1 /thinkapp/AreaSelect/index
INFO: [ app_init ] --START--
INFO: Run Behavior\BuildLiteBehavior [ RunTime:0.000012s ]
INFO: [ app_init ] --END-- [ RunTime:0.000345s ]
ERR: SQLSTATE[HY000]: General error: 1 no such table: t_user

[ 2015-11-22T11:07:20+08:00 ] ::1 /thinkapp/AreaSelect/index
INFO: [ app_init ] --START--
INFO: Run Behavior\BuildLiteBehavior [ RunTime:0.000011s ]
INFO: [ app_init ] --END-- [ RunTime:0.000320s ]
ERR: SQLSTATE[HY000]: General error: 1 no such table: t_user

[ 2015-11-22T11:07:21+08:00 ] ::1 /thinkapp/AreaSelect/index
INFO: [ app_init ] --START--
INFO: Run Behavior\BuildLiteBehavior [ RunTime:0.000011s ]
INFO: [ app_init ] --END-- [ RunTime:0.000337s ]
ERR: SQLSTATE[HY000]: General error: 1 no such table: t_user

[ 2015-11-22T11:07:22+08:00 ] ::1 /thinkapp/AreaSelect/index
INFO: [ app_init ] --START--
INFO: Run Behavior\BuildLiteBehavior [ RunTime:0.000010s ]
INFO: [ app_init ] --END-- [ RunTime:0.000334s ]
ERR: SQLSTATE[HY000]: General error: 1 no such table: t_user

[ 2015-11-22T11:07:35+08:00 ] ::1 /thinkapp/AreaSelect/index
INFO: [ app_init ] --START--
INFO: Run Behavior\BuildLiteBehavior [ RunTime:0.000011s ]
INFO: [ app_init ] --END-- [ RunTime:0.000342s ]
ERR: SQLSTATE[HY000]: General error: 1 no such table: t_user

[ 2015-11-22T11:07:36+08:00 ] ::1 /thinkapp/AreaSelect/index
INFO: [ app_init ] --START--
INFO: Run Behavior\BuildLiteBehavior [ RunTime:0.000012s ]
INFO: [ app_init ] --END-- [ RunTime:0.000352s ]
ERR: SQLSTATE[HY000]: General error: 1 no such table: t_user

[ 2015-11-22T11:10:38+08:00 ] ::1 /thinkapp/AreaSelect/index
INFO: [ app_init ] --START--
INFO: Run Behavior\BuildLiteBehavior [ RunTime:0.000013s ]
INFO: [ app_init ] --END-- [ RunTime:0.000554s ]
ERR: SQLSTATE[HY000]: General error: 1 no such table: t_user

[ 2015-11-22T11:10:38+08:00 ] ::1 /thinkapp/AreaSelect/index
INFO: [ app_init ] --START--
INFO: Run Behavior\BuildLiteBehavior [ RunTime:0.000012s ]
INFO: [ app_init ] --END-- [ RunTime:0.000420s ]
ERR: SQLSTATE[HY000]: General error: 1 no such table: t_user

[ 2015-11-22T11:10:39+08:00 ] ::1 /thinkapp/AreaSelect/index
INFO: [ app_init ] --START--
INFO: Run Behavior\BuildLiteBehavior [ RunTime:0.000013s ]
INFO: [ app_init ] --END-- [ RunTime:0.000415s ]
ERR: SQLSTATE[HY000]: General error: 1 no such table: t_user

[ 2015-11-22T11:10:40+08:00 ] ::1 /thinkapp/AreaSelect/index
INFO: [ app_init ] --START--
INFO: Run Behavior\BuildLiteBehavior [ RunTime:0.000013s ]
INFO: [ app_init ] --END-- [ RunTime:0.000409s ]
ERR: SQLSTATE[HY000]: General error: 1 no such table: t_user

[ 2015-11-22T11:11:09+08:00 ] ::1 /thinkapp/AreaSelect/index
INFO: [ app_init ] --START--
INFO: Run Behavior\BuildLiteBehavior [ RunTime:0.000010s ]
INFO: [ app_init ] --END-- [ RunTime:0.000316s ]
ERR: SQLSTATE[HY000]: General error: 1 no such table: t_user

[ 2015-11-22T11:11:10+08:00 ] ::1 /thinkapp/AreaSelect/index
INFO: [ app_init ] --START--
INFO: Run Behavior\BuildLiteBehavior [ RunTime:0.000012s ]
INFO: [ app_init ] --END-- [ RunTime:0.000368s ]
ERR: SQLSTATE[HY000]: General error: 1 no such table: t_user

[ 2015-11-22T11:11:24+08:00 ] ::1 /thinkapp/AreaSelect/index
INFO: [ app_init ] --START--
INFO: Run Behavior\BuildLiteBehavior [ RunTime:0.000021s ]
INFO: [ app_init ] --END-- [ RunTime:0.000530s ]
ERR: SQLSTATE[HY000]: General error: 1 no such table: t_user

[ 2015-11-22T11:11:40+08:00 ] ::1 /thinkapp/AreaSelect/index
INFO: [ app_init ] --START--
INFO: Run Behavior\BuildLiteBehavior [ RunTime:0.000011s ]
INFO: [ app_init ] --END-- [ RunTime:0.000367s ]
ERR: SQLSTATE[HY000]: General error: 1 no such table: t_user

[ 2015-11-22T11:11:41+08:00 ] ::1 /thinkapp/AreaSelect/index
INFO: [ app_init ] --START--
INFO: Run Behavior\BuildLiteBehavior [ RunTime:0.000010s ]
INFO: [ app_init ] --END-- [ RunTime:0.000334s ]
ERR: SQLSTATE[HY000]: General error: 1 no such table: t_user

[ 2015-11-22T11:14:54+08:00 ] ::1 /thinkapp/AreaSelect/index
INFO: [ app_init ] --START--
INFO: Run Behavior\BuildLiteBehavior [ RunTime:0.000011s ]
INFO: [ app_init ] --END-- [ RunTime:0.000378s ]
ERR: SQLSTATE[HY000] [14] unable to open database file

[ 2015-11-22T11:15:08+08:00 ] ::1 /thinkapp/AreaSelect/index
INFO: [ app_init ] --START--
INFO: Run Behavior\BuildLiteBehavior [ RunTime:0.000011s ]
INFO: [ app_init ] --END-- [ RunTime:0.000358s ]
ERR: SQLSTATE[HY000]: General error: 1 no such table: t_user

[ 2015-11-22T11:15:10+08:00 ] ::1 /thinkapp/AreaSelect/index
INFO: [ app_init ] --START--
INFO: Run Behavior\BuildLiteBehavior [ RunTime:0.000012s ]
INFO: [ app_init ] --END-- [ RunTime:0.000326s ]
ERR: SQLSTATE[HY000]: General error: 1 no such table: t_user

[ 2015-11-22T11:15:15+08:00 ] ::1 /thinkapp/AreaSelect/index
INFO: [ app_init ] --START--
INFO: Run Behavior\BuildLiteBehavior [ RunTime:0.000012s ]
INFO: [ app_init ] --END-- [ RunTime:0.000439s ]
ERR: SQLSTATE[HY000] [14] unable to open database file

[ 2015-11-22T11:15:23+08:00 ] ::1 /thinkapp/AreaSelect/index
INFO: [ app_init ] --START--
INFO: Run Behavior\BuildLiteBehavior [ RunTime:0.000012s ]
INFO: [ app_init ] --END-- [ RunTime:0.000404s ]
ERR: SQLSTATE[HY000] [14] unable to open database file

[ 2015-11-22T11:15:23+08:00 ] ::1 /thinkapp/AreaSelect/index
INFO: [ app_init ] --START--
INFO: Run Behavior\BuildLiteBehavior [ RunTime:0.000012s ]
INFO: [ app_init ] --END-- [ RunTime:0.000331s ]
ERR: SQLSTATE[HY000] [14] unable to open database file

[ 2015-11-22T11:15:24+08:00 ] ::1 /thinkapp/AreaSelect/index
INFO: [ app_init ] --START--
INFO: Run Behavior\BuildLiteBehavior [ RunTime:0.000013s ]
INFO: [ app_init ] --END-- [ RunTime:0.000369s ]
ERR: SQLSTATE[HY000] [14] unable to open database file

[ 2015-11-22T11:22:40+08:00 ] ::1 /thinkapp/AreaSelect/index
INFO: [ app_init ] --START--
INFO: Run Behavior\BuildLiteBehavior [ RunTime:0.000012s ]
INFO: [ app_init ] --END-- [ RunTime:0.000399s ]
ERR: SQLSTATE[HY000] [14] unable to open database file

[ 2015-11-22T11:26:00+08:00 ] ::1 /thinkapp/AreaSelect/index
INFO: [ app_init ] --START--
INFO: Run Behavior\BuildLiteBehavior [ RunTime:0.000013s ]
INFO: [ app_init ] --END-- [ RunTime:0.000468s ]
ERR: SQLSTATE[HY000] [14] unable to open database file

[ 2015-11-22T11:28:49+08:00 ] ::1 /thinkapp/AreaSelect/index
INFO: [ app_init ] --START--
INFO: Run Behavior\BuildLiteBehavior [ RunTime:0.000010s ]
INFO: [ app_init ] --END-- [ RunTime:0.000349s ]
ERR: SQLSTATE[HY000] [14] unable to open database file

[ 2015-11-22T11:28:50+08:00 ] ::1 /thinkapp/AreaSelect/index
INFO: [ app_init ] --START--
INFO: Run Behavior\BuildLiteBehavior [ RunTime:0.000012s ]
INFO: [ app_init ] --END-- [ RunTime:0.000374s ]
ERR: SQLSTATE[HY000] [14] unable to open database file

[ 2015-11-22T11:28:51+08:00 ] ::1 /thinkapp/AreaSelect/index
INFO: [ app_init ] --START--
INFO: Run Behavior\BuildLiteBehavior [ RunTime:0.000011s ]
INFO: [ app_init ] --END-- [ RunTime:0.000331s ]
ERR: SQLSTATE[HY000] [14] unable to open database file

[ 2015-11-22T11:28:52+08:00 ] ::1 /thinkapp/AreaSelect/index
INFO: [ app_init ] --START--
INFO: Run Behavior\BuildLiteBehavior [ RunTime:0.000011s ]
INFO: [ app_init ] --END-- [ RunTime:0.000397s ]
ERR: SQLSTATE[HY000] [14] unable to open database file

[ 2015-11-22T11:28:58+08:00 ] ::1 /thinkapp/AreaSelect/index
INFO: [ app_init ] --START--
INFO: Run Behavior\BuildLiteBehavior [ RunTime:0.000010s ]
INFO: [ app_init ] --END-- [ RunTime:0.000372s ]
ERR: SQLSTATE[HY000] [14] unable to open database file

[ 2015-11-22T11:28:59+08:00 ] ::1 /thinkapp/AreaSelect/index
INFO: [ app_init ] --START--
INFO: Run Behavior\BuildLiteBehavior [ RunTime:0.000013s ]
INFO: [ app_init ] --END-- [ RunTime:0.000455s ]
ERR: SQLSTATE[HY000] [14] unable to open database file

[ 2015-11-22T11:31:14+08:00 ] ::1 /thinkapp/AreaSelect/index
INFO: [ app_init ] --START--
INFO: Run Behavior\BuildLiteBehavior [ RunTime:0.000017s ]
INFO: [ app_init ] --END-- [ RunTime:0.000389s ]

[ 2015-11-22T11:32:30+08:00 ] ::1 /thinkapp/AreaSelect/index
INFO: [ app_init ] --START--
INFO: Run Behavior\BuildLiteBehavior [ RunTime:0.000010s ]
INFO: [ app_init ] --END-- [ RunTime:0.000291s ]

[ 2015-11-22T11:32:32+08:00 ] ::1 /thinkapp/AreaSelect/index
INFO: [ app_init ] --START--
INFO: Run Behavior\BuildLiteBehavior [ RunTime:0.000013s ]
INFO: [ app_init ] --END-- [ RunTime:0.000410s ]

[ 2015-11-22T11:32:38+08:00 ] ::1 /thinkapp/AreaSelect/index
INFO: [ app_init ] --START--
INFO: Run Behavior\BuildLiteBehavior [ RunTime:0.000011s ]
INFO: [ app_init ] --END-- [ RunTime:0.000382s ]
ERR: SQLSTATE[HY000] [14] unable to open database file

[ 2015-11-22T11:32:40+08:00 ] ::1 /thinkapp/AreaSelect/index
INFO: [ app_init ] --START--
INFO: Run Behavior\BuildLiteBehavior [ RunTime:0.000011s ]
INFO: [ app_init ] --END-- [ RunTime:0.000361s ]
ERR: SQLSTATE[HY000] [14] unable to open database file

[ 2015-11-22T11:32:41+08:00 ] ::1 /thinkapp/AreaSelect/index
INFO: [ app_init ] --START--
INFO: Run Behavior\BuildLiteBehavior [ RunTime:0.000012s ]
INFO: [ app_init ] --END-- [ RunTime:0.000377s ]
ERR: SQLSTATE[HY000] [14] unable to open database file

[ 2015-11-22T11:33:05+08:00 ] ::1 /thinkapp/AreaSelect/index
INFO: [ app_init ] --START--
INFO: Run Behavior\BuildLiteBehavior [ RunTime:0.000010s ]
INFO: [ app_init ] --END-- [ RunTime:0.000304s ]
ERR: SQLSTATE[HY000] [14] unable to open database file

[ 2015-11-22T11:34:08+08:00 ] ::1 /thinkapp/AreaSelect/index
INFO: [ app_init ] --START--
INFO: Run Behavior\BuildLiteBehavior [ RunTime:0.000011s ]
INFO: [ app_init ] --END-- [ RunTime:0.000352s ]
ERR: SQLSTATE[HY000] [14] unable to open database file

[ 2015-11-22T11:34:25+08:00 ] ::1 /thinkapp/AreaSelect/index
INFO: [ app_init ] --START--
INFO: Run Behavior\BuildLiteBehavior [ RunTime:0.000011s ]
INFO: [ app_init ] --END-- [ RunTime:0.000314s ]
ERR: SQLSTATE[HY000] [14] unable to open database file

[ 2015-11-22T11:34:26+08:00 ] ::1 /thinkapp/AreaSelect/index
INFO: [ app_init ] --START--
INFO: Run Behavior\BuildLiteBehavior [ RunTime:0.000010s ]
INFO: [ app_init ] --END-- [ RunTime:0.000329s ]
ERR: SQLSTATE[HY000] [14] unable to open database file

[ 2015-11-22T11:34:27+08:00 ] ::1 /thinkapp/AreaSelect/index
INFO: [ app_init ] --START--
INFO: Run Behavior\BuildLiteBehavior [ RunTime:0.000011s ]
INFO: [ app_init ] --END-- [ RunTime:0.000327s ]
ERR: SQLSTATE[HY000] [14] unable to open database file

[ 2015-11-22T11:34:55+08:00 ] ::1 /thinkapp/AreaSelect/index
INFO: [ app_init ] --START--
INFO: Run Behavior\BuildLiteBehavior [ RunTime:0.000011s ]
INFO: [ app_init ] --END-- [ RunTime:0.000299s ]

[ 2015-11-22T11:36:45+08:00 ] ::1 /thinkapp/AreaSelect/index
INFO: [ app_init ] --START--
INFO: Run Behavior\BuildLiteBehavior [ RunTime:0.000012s ]
INFO: [ app_init ] --END-- [ RunTime:0.000441s ]
ERR: SQLSTATE[HY000]: General error: 1 no such table: t_province

[ 2015-11-22T11:37:07+08:00 ] ::1 /thinkapp/AreaSelect/index
INFO: [ app_init ] --START--
INFO: Run Behavior\BuildLiteBehavior [ RunTime:0.000012s ]
INFO: [ app_init ] --END-- [ RunTime:0.000334s ]

